<?xml version="1.0" encoding="UTF-8"?>
<testng-results skipped="0" failed="0" total="1" passed="1">
  <reporter-output>
  </reporter-output>
  <suite name="Default suite" duration-ms="28948" started-at="2023-01-10T11:05:18Z" finished-at="2023-01-10T11:05:46Z">
    <groups>
    </groups>
    <test name="Default test" duration-ms="28948" started-at="2023-01-10T11:05:18Z" finished-at="2023-01-10T11:05:46Z">
      <class name="HomePageTest.ToverifyHomePageTest">
        <test-method status="PASS" signature="bsConfig()[pri:0, instance:HomePageTest.ToverifyHomePageTest@3e6fa38a]" name="bsConfig" is-config="true" duration-ms="16" started-at="2023-01-10T16:35:18Z" finished-at="2023-01-10T16:35:18Z">
          <reporter-output>
          </reporter-output>
        </test-method> <!-- bsConfig -->
        <test-method status="PASS" signature="bcConfig()[pri:0, instance:HomePageTest.ToverifyHomePageTest@3e6fa38a]" name="bcConfig" is-config="true" duration-ms="18379" started-at="2023-01-10T16:35:18Z" finished-at="2023-01-10T16:35:36Z">
          <reporter-output>
          </reporter-output>
        </test-method> <!-- bcConfig -->
        <test-method status="PASS" signature="bmConfig()[pri:0, instance:HomePageTest.ToverifyHomePageTest@3e6fa38a]" name="bmConfig" is-config="true" duration-ms="504" started-at="2023-01-10T16:35:36Z" finished-at="2023-01-10T16:35:36Z">
          <reporter-output>
          </reporter-output>
        </test-method> <!-- bmConfig -->
        <test-method status="PASS" signature="toVerifyHomePageTest()[pri:0, instance:HomePageTest.ToverifyHomePageTest@3e6fa38a]" name="toVerifyHomePageTest" duration-ms="7039" started-at="2023-01-10T16:35:36Z" finished-at="2023-01-10T16:35:43Z">
          <reporter-output>
          </reporter-output>
        </test-method> <!-- toVerifyHomePageTest -->
        <test-method status="PASS" signature="amConfig()[pri:0, instance:HomePageTest.ToverifyHomePageTest@3e6fa38a]" name="amConfig" is-config="true" duration-ms="2245" started-at="2023-01-10T16:35:43Z" finished-at="2023-01-10T16:35:46Z">
          <reporter-output>
          </reporter-output>
        </test-method> <!-- amConfig -->
        <test-method status="PASS" signature="acConfig()[pri:0, instance:HomePageTest.ToverifyHomePageTest@3e6fa38a]" name="acConfig" is-config="true" duration-ms="750" started-at="2023-01-10T16:35:46Z" finished-at="2023-01-10T16:35:46Z">
          <reporter-output>
          </reporter-output>
        </test-method> <!-- acConfig -->
        <test-method status="PASS" signature="asConfig()[pri:0, instance:HomePageTest.ToverifyHomePageTest@3e6fa38a]" name="asConfig" is-config="true" duration-ms="0" started-at="2023-01-10T16:35:47Z" finished-at="2023-01-10T16:35:47Z">
          <reporter-output>
          </reporter-output>
        </test-method> <!-- asConfig -->
      </class> <!-- HomePageTest.ToverifyHomePageTest -->
    </test> <!-- Default test -->
  </suite> <!-- Default suite -->
</testng-results>
